2024-03-16 19:21:02,222 | INFO | Created the target folder: /Users/ozzy/MDS1/Tier2/Computer_systems/goit-cs-hw-05/output_folder
2024-03-16 19:21:02,234 | INFO | File /Users/ozzy/MDS1/Tier1/Algoritms/goit-algo-fp/task3.py has been successfully copied to /Users/ozzy/MDS1/Tier2/Computer_systems/goit-cs-hw-05/output_folder/py/task3.py.
2024-03-16 19:21:02,243 | INFO | File /Users/ozzy/MDS1/Tier1/Algoritms/goit-algo-fp/task7.py has been successfully copied to /Users/ozzy/MDS1/Tier2/Computer_systems/goit-cs-hw-05/output_folder/py/task7.py.
2024-03-16 19:21:02,257 | INFO | File /Users/ozzy/MDS1/Tier1/Algoritms/goit-algo-fp/task6.py has been successfully copied to /Users/ozzy/MDS1/Tier2/Computer_systems/goit-cs-hw-05/output_folder/py/task6.py.
2024-03-16 19:21:02,273 | INFO | File /Users/ozzy/MDS1/Tier1/Algoritms/goit-algo-fp/ФП_Ільїн_Андрій.zip has been successfully copied to /Users/ozzy/MDS1/Tier2/Computer_systems/goit-cs-hw-05/output_folder/zip/ФП_Ільїн_Андрій.zip.
2024-03-16 19:21:02,291 | INFO | File /Users/ozzy/MDS1/Tier1/Algoritms/goit-algo-fp/task2.py has been successfully copied to /Users/ozzy/MDS1/Tier2/Computer_systems/goit-cs-hw-05/output_folder/py/task2.py.
2024-03-16 19:21:02,308 | INFO | File /Users/ozzy/MDS1/Tier1/Algoritms/goit-algo-fp/readme.md has been successfully copied to /Users/ozzy/MDS1/Tier2/Computer_systems/goit-cs-hw-05/output_folder/md/readme.md.
2024-03-16 19:21:02,321 | INFO | File /Users/ozzy/MDS1/Tier1/Algoritms/goit-algo-fp/task5.py has been successfully copied to /Users/ozzy/MDS1/Tier2/Computer_systems/goit-cs-hw-05/output_folder/py/task5.py.
2024-03-16 19:21:02,332 | INFO | File /Users/ozzy/MDS1/Tier1/Algoritms/goit-algo-fp/zip.py has been successfully copied to /Users/ozzy/MDS1/Tier2/Computer_systems/goit-cs-hw-05/output_folder/py/zip.py.
2024-03-16 19:21:02,346 | INFO | File /Users/ozzy/MDS1/Tier1/Algoritms/goit-algo-fp/task1.py has been successfully copied to /Users/ozzy/MDS1/Tier2/Computer_systems/goit-cs-hw-05/output_folder/py/task1.py.
2024-03-16 19:21:02,358 | INFO | File /Users/ozzy/MDS1/Tier1/Algoritms/goit-algo-fp/task4.py has been successfully copied to /Users/ozzy/MDS1/Tier2/Computer_systems/goit-cs-hw-05/output_folder/py/task4.py.
2024-03-16 19:21:02,364 | INFO | File /Users/ozzy/MDS1/Tier1/Algoritms/goit-algo-fp/main.py has been successfully copied to /Users/ozzy/MDS1/Tier2/Computer_systems/goit-cs-hw-05/output_folder/py/main.py.
2024-03-16 19:21:02,394 | INFO | File /Users/ozzy/MDS1/Tier1/Algoritms/lesson4/merge_sort.py has been successfully copied to /Users/ozzy/MDS1/Tier2/Computer_systems/goit-cs-hw-05/output_folder/py/merge_sort.py.
2024-03-16 19:21:02,411 | INFO | File /Users/ozzy/MDS1/Tier1/Algoritms/lesson4/quicksort.py has been successfully copied to /Users/ozzy/MDS1/Tier2/Computer_systems/goit-cs-hw-05/output_folder/py/quicksort.py.
2024-03-16 19:21:02,423 | INFO | File /Users/ozzy/MDS1/Tier1/Algoritms/lesson4/bubble.py has been successfully copied to /Users/ozzy/MDS1/Tier2/Computer_systems/goit-cs-hw-05/output_folder/py/bubble.py.
2024-03-16 19:21:02,431 | INFO | File /Users/ozzy/MDS1/Tier1/Algoritms/lesson4/insertion.py has been successfully copied to /Users/ozzy/MDS1/Tier2/Computer_systems/goit-cs-hw-05/output_folder/py/insertion.py.
2024-03-16 19:21:02,442 | INFO | File /Users/ozzy/MDS1/Tier1/Algoritms/lesson4/selection.py has been successfully copied to /Users/ozzy/MDS1/Tier2/Computer_systems/goit-cs-hw-05/output_folder/py/selection.py.
2024-03-16 19:21:02,456 | INFO | File /Users/ozzy/MDS1/Tier1/Algoritms/goit-algo-hw-09/ДЗ9_Ільїн_Андрій.zip has been successfully copied to /Users/ozzy/MDS1/Tier2/Computer_systems/goit-cs-hw-05/output_folder/zip/ДЗ9_Ільїн_Андрій.zip.
2024-03-16 19:21:02,471 | INFO | File /Users/ozzy/MDS1/Tier1/Algoritms/goit-algo-hw-09/readme.md has been successfully copied to /Users/ozzy/MDS1/Tier2/Computer_systems/goit-cs-hw-05/output_folder/md/readme.md.
2024-03-16 19:21:02,520 | INFO | File /Users/ozzy/MDS1/Tier1/Algoritms/goit-algo-hw-09/zip.py has been successfully copied to /Users/ozzy/MDS1/Tier2/Computer_systems/goit-cs-hw-05/output_folder/py/zip.py.
2024-03-16 19:21:02,538 | INFO | File /Users/ozzy/MDS1/Tier1/Algoritms/goit-algo-hw-09/main.py has been successfully copied to /Users/ozzy/MDS1/Tier2/Computer_systems/goit-cs-hw-05/output_folder/py/main.py.
2024-03-16 19:21:02,579 | INFO | File /Users/ozzy/MDS1/Tier1/Algoritms/goit-algo-hw-07/ДЗ7_Ільїн_Андрій.zip has been successfully copied to /Users/ozzy/MDS1/Tier2/Computer_systems/goit-cs-hw-05/output_folder/zip/ДЗ7_Ільїн_Андрій.zip.
2024-03-16 19:21:02,611 | INFO | File /Users/ozzy/MDS1/Tier1/Algoritms/goit-algo-hw-07/main.py has been successfully copied to /Users/ozzy/MDS1/Tier2/Computer_systems/goit-cs-hw-05/output_folder/py/main.py.
2024-03-16 19:21:02,630 | INFO | File /Users/ozzy/MDS1/Tier1/Algoritms/review2/Andrii Ilin. Рев’ю Методи та структури даних для реалізації бази даних рекомендаційної системи соціальної мережі.pdf has been successfully copied to /Users/ozzy/MDS1/Tier2/Computer_systems/goit-cs-hw-05/output_folder/pdf/Andrii Ilin. Рев’ю Методи та структури даних для реалізації бази даних рекомендаційної системи соціальної мережі.pdf.
2024-03-16 19:21:02,654 | INFO | File /Users/ozzy/MDS1/Tier1/Algoritms/review2/стаття 2.pdf has been successfully copied to /Users/ozzy/MDS1/Tier2/Computer_systems/goit-cs-hw-05/output_folder/pdf/стаття 2.pdf.
2024-03-16 19:21:02,676 | INFO | File /Users/ozzy/MDS1/Tier1/Algoritms/goit-algo-hw-06/graph_module.py has been successfully copied to /Users/ozzy/MDS1/Tier2/Computer_systems/goit-cs-hw-05/output_folder/py/graph_module.py.
2024-03-16 19:21:02,690 | INFO | File /Users/ozzy/MDS1/Tier1/Algoritms/goit-algo-hw-06/dijkstra.py has been successfully copied to /Users/ozzy/MDS1/Tier2/Computer_systems/goit-cs-hw-05/output_folder/py/dijkstra.py.
2024-03-16 19:21:02,717 | INFO | File /Users/ozzy/MDS1/Tier1/Algoritms/goit-algo-hw-06/dijkstra_shortest_path.py has been successfully copied to /Users/ozzy/MDS1/Tier2/Computer_systems/goit-cs-hw-05/output_folder/py/dijkstra_shortest_path.py.
2024-03-16 19:21:02,738 | INFO | File /Users/ozzy/MDS1/Tier1/Algoritms/goit-algo-hw-06/Readme.md has been successfully copied to /Users/ozzy/MDS1/Tier2/Computer_systems/goit-cs-hw-05/output_folder/md/Readme.md.
2024-03-16 19:21:02,755 | INFO | File /Users/ozzy/MDS1/Tier1/Algoritms/goit-algo-hw-06/zip.py has been successfully copied to /Users/ozzy/MDS1/Tier2/Computer_systems/goit-cs-hw-05/output_folder/py/zip.py.
2024-03-16 19:21:02,768 | INFO | File /Users/ozzy/MDS1/Tier1/Algoritms/goit-algo-hw-06/bfs.py has been successfully copied to /Users/ozzy/MDS1/Tier2/Computer_systems/goit-cs-hw-05/output_folder/py/bfs.py.
2024-03-16 19:21:02,781 | INFO | File /Users/ozzy/MDS1/Tier1/Algoritms/goit-algo-hw-06/main.py has been successfully copied to /Users/ozzy/MDS1/Tier2/Computer_systems/goit-cs-hw-05/output_folder/py/main.py.
2024-03-16 19:21:02,795 | INFO | File /Users/ozzy/MDS1/Tier1/Algoritms/goit-algo-hw-06/compare.py has been successfully copied to /Users/ozzy/MDS1/Tier2/Computer_systems/goit-cs-hw-05/output_folder/py/compare.py.
2024-03-16 19:21:02,810 | INFO | File /Users/ozzy/MDS1/Tier1/Algoritms/goit-algo-hw-06/dfs.py has been successfully copied to /Users/ozzy/MDS1/Tier2/Computer_systems/goit-cs-hw-05/output_folder/py/dfs.py.
2024-03-16 19:21:02,828 | INFO | File /Users/ozzy/MDS1/Tier1/Algoritms/goit-algo-hw-06/ДЗ6_Ільїн_Андрій.zip has been successfully copied to /Users/ozzy/MDS1/Tier2/Computer_systems/goit-cs-hw-05/output_folder/zip/ДЗ6_Ільїн_Андрій.zip.
2024-03-16 19:21:02,864 | INFO | File /Users/ozzy/MDS1/Tier1/Algoritms/goit-algo-hw-08/zip.py has been successfully copied to /Users/ozzy/MDS1/Tier2/Computer_systems/goit-cs-hw-05/output_folder/py/zip.py.
2024-03-16 19:21:02,879 | INFO | File /Users/ozzy/MDS1/Tier1/Algoritms/goit-algo-hw-08/ДЗ8_Ільїн_Андрій.zip has been successfully copied to /Users/ozzy/MDS1/Tier2/Computer_systems/goit-cs-hw-05/output_folder/zip/ДЗ8_Ільїн_Андрій.zip.
2024-03-16 19:21:02,910 | INFO | File /Users/ozzy/MDS1/Tier1/Algoritms/goit-algo-hw-08/main.py has been successfully copied to /Users/ozzy/MDS1/Tier2/Computer_systems/goit-cs-hw-05/output_folder/py/main.py.
2024-03-16 19:21:02,935 | INFO | File /Users/ozzy/MDS1/Tier1/Algoritms/goit-algo-hw-10/monte_carlo.py has been successfully copied to /Users/ozzy/MDS1/Tier2/Computer_systems/goit-cs-hw-05/output_folder/py/monte_carlo.py.
2024-03-16 19:21:02,949 | INFO | File /Users/ozzy/MDS1/Tier1/Algoritms/goit-algo-hw-10/readme.md has been successfully copied to /Users/ozzy/MDS1/Tier2/Computer_systems/goit-cs-hw-05/output_folder/md/readme.md.
2024-03-16 19:21:02,965 | INFO | File /Users/ozzy/MDS1/Tier1/Algoritms/goit-algo-hw-10/zip.py has been successfully copied to /Users/ozzy/MDS1/Tier2/Computer_systems/goit-cs-hw-05/output_folder/py/zip.py.
2024-03-16 19:21:02,987 | INFO | File /Users/ozzy/MDS1/Tier1/Algoritms/goit-algo-hw-10/ДЗ10_Ільїн_Андрій.zip has been successfully copied to /Users/ozzy/MDS1/Tier2/Computer_systems/goit-cs-hw-05/output_folder/zip/ДЗ10_Ільїн_Андрій.zip.
2024-03-16 19:21:03,001 | INFO | File /Users/ozzy/MDS1/Tier1/Algoritms/goit-algo-hw-10/main.py has been successfully copied to /Users/ozzy/MDS1/Tier2/Computer_systems/goit-cs-hw-05/output_folder/py/main.py.
2024-03-16 19:21:03,022 | INFO | File /Users/ozzy/MDS1/Tier1/Algoritms/goit-algo-hw-03/zip.py has been successfully copied to /Users/ozzy/MDS1/Tier2/Computer_systems/goit-cs-hw-05/output_folder/py/zip.py.
2024-03-16 19:21:03,041 | INFO | File /Users/ozzy/MDS1/Tier1/Algoritms/goit-algo-hw-03/snowflake.py has been successfully copied to /Users/ozzy/MDS1/Tier2/Computer_systems/goit-cs-hw-05/output_folder/py/snowflake.py.
2024-03-16 19:21:03,076 | INFO | File /Users/ozzy/MDS1/Tier1/Algoritms/goit-algo-hw-03/ДЗ3_Ільїн_Андрій.zip has been successfully copied to /Users/ozzy/MDS1/Tier2/Computer_systems/goit-cs-hw-05/output_folder/zip/ДЗ3_Ільїн_Андрій.zip.
2024-03-16 19:21:03,118 | INFO | File /Users/ozzy/MDS1/Tier1/Algoritms/goit-algo-hw-03/main.py has been successfully copied to /Users/ozzy/MDS1/Tier2/Computer_systems/goit-cs-hw-05/output_folder/py/main.py.
2024-03-16 19:21:03,140 | INFO | File /Users/ozzy/MDS1/Tier1/Algoritms/goit-algo-hw-04/merge_sort.py has been successfully copied to /Users/ozzy/MDS1/Tier2/Computer_systems/goit-cs-hw-05/output_folder/py/merge_sort.py.
2024-03-16 19:21:03,158 | INFO | File /Users/ozzy/MDS1/Tier1/Algoritms/goit-algo-hw-04/ДЗ4_Ільїн_Андрій.zip has been successfully copied to /Users/ozzy/MDS1/Tier2/Computer_systems/goit-cs-hw-05/output_folder/zip/ДЗ4_Ільїн_Андрій.zip.
2024-03-16 19:21:03,248 | INFO | File /Users/ozzy/MDS1/Tier1/Algoritms/goit-algo-hw-04/insertion_sort.py has been successfully copied to /Users/ozzy/MDS1/Tier2/Computer_systems/goit-cs-hw-05/output_folder/py/insertion_sort.py.
2024-03-16 19:21:03,276 | INFO | File /Users/ozzy/MDS1/Tier1/Algoritms/goit-algo-hw-04/__pycache__/insertion_sort.cpython-311.pyc has been successfully copied to /Users/ozzy/MDS1/Tier2/Computer_systems/goit-cs-hw-05/output_folder/pyc/insertion_sort.cpython-311.pyc.
2024-03-16 19:21:03,294 | INFO | File /Users/ozzy/MDS1/Tier1/Algoritms/goit-algo-hw-04/__pycache__/merge_sort.cpython-311.pyc has been successfully copied to /Users/ozzy/MDS1/Tier2/Computer_systems/goit-cs-hw-05/output_folder/pyc/merge_sort.cpython-311.pyc.
2024-03-16 19:21:03,315 | INFO | File /Users/ozzy/MDS1/Tier1/Algoritms/goit-algo-hw-04/Readme.md has been successfully copied to /Users/ozzy/MDS1/Tier2/Computer_systems/goit-cs-hw-05/output_folder/md/Readme.md.
2024-03-16 19:21:03,336 | INFO | File /Users/ozzy/MDS1/Tier1/Algoritms/goit-algo-hw-04/zip.py has been successfully copied to /Users/ozzy/MDS1/Tier2/Computer_systems/goit-cs-hw-05/output_folder/py/zip.py.
2024-03-16 19:21:03,352 | INFO | File /Users/ozzy/MDS1/Tier1/Algoritms/goit-algo-hw-04/main.py has been successfully copied to /Users/ozzy/MDS1/Tier2/Computer_systems/goit-cs-hw-05/output_folder/py/main.py.
2024-03-16 19:21:03,380 | INFO | File /Users/ozzy/MDS1/Tier1/Algoritms/goit-algo-hw-05/binary_search.py has been successfully copied to /Users/ozzy/MDS1/Tier2/Computer_systems/goit-cs-hw-05/output_folder/py/binary_search.py.
2024-03-16 19:21:03,394 | INFO | File /Users/ozzy/MDS1/Tier1/Algoritms/goit-algo-hw-05/kmp.py has been successfully copied to /Users/ozzy/MDS1/Tier2/Computer_systems/goit-cs-hw-05/output_folder/py/kmp.py.
2024-03-16 19:21:03,413 | INFO | File /Users/ozzy/MDS1/Tier1/Algoritms/goit-algo-hw-05/rabina.py has been successfully copied to /Users/ozzy/MDS1/Tier2/Computer_systems/goit-cs-hw-05/output_folder/py/rabina.py.
2024-03-16 19:21:03,546 | INFO | File /Users/ozzy/MDS1/Tier1/Algoritms/goit-algo-hw-05/bm.py has been successfully copied to /Users/ozzy/MDS1/Tier2/Computer_systems/goit-cs-hw-05/output_folder/py/bm.py.
2024-03-16 19:21:03,562 | INFO | File /Users/ozzy/MDS1/Tier1/Algoritms/goit-algo-hw-05/st1.txt has been successfully copied to /Users/ozzy/MDS1/Tier2/Computer_systems/goit-cs-hw-05/output_folder/txt/st1.txt.
2024-03-16 19:21:03,598 | INFO | File /Users/ozzy/MDS1/Tier1/Algoritms/goit-algo-hw-05/__pycache__/rabina.cpython-311.pyc has been successfully copied to /Users/ozzy/MDS1/Tier2/Computer_systems/goit-cs-hw-05/output_folder/pyc/rabina.cpython-311.pyc.
2024-03-16 19:21:03,643 | INFO | File /Users/ozzy/MDS1/Tier1/Algoritms/goit-algo-hw-05/__pycache__/kmp.cpython-311.pyc has been successfully copied to /Users/ozzy/MDS1/Tier2/Computer_systems/goit-cs-hw-05/output_folder/pyc/kmp.cpython-311.pyc.
2024-03-16 19:21:03,790 | INFO | File /Users/ozzy/MDS1/Tier1/Algoritms/goit-algo-hw-05/__pycache__/bm.cpython-311.pyc has been successfully copied to /Users/ozzy/MDS1/Tier2/Computer_systems/goit-cs-hw-05/output_folder/pyc/bm.cpython-311.pyc.
2024-03-16 19:21:03,809 | INFO | File /Users/ozzy/MDS1/Tier1/Algoritms/goit-algo-hw-05/st2.txt has been successfully copied to /Users/ozzy/MDS1/Tier2/Computer_systems/goit-cs-hw-05/output_folder/txt/st2.txt.
2024-03-16 19:21:03,823 | INFO | File /Users/ozzy/MDS1/Tier1/Algoritms/goit-algo-hw-05/hash.py has been successfully copied to /Users/ozzy/MDS1/Tier2/Computer_systems/goit-cs-hw-05/output_folder/py/hash.py.
2024-03-16 19:21:03,847 | INFO | File /Users/ozzy/MDS1/Tier1/Algoritms/goit-algo-hw-05/zip.py has been successfully copied to /Users/ozzy/MDS1/Tier2/Computer_systems/goit-cs-hw-05/output_folder/py/zip.py.
2024-03-16 19:21:03,863 | INFO | File /Users/ozzy/MDS1/Tier1/Algoritms/goit-algo-hw-05/results.md has been successfully copied to /Users/ozzy/MDS1/Tier2/Computer_systems/goit-cs-hw-05/output_folder/md/results.md.
2024-03-16 19:21:03,877 | INFO | File /Users/ozzy/MDS1/Tier1/Algoritms/goit-algo-hw-05/ДЗ5_Ільїн_Андрій.zip has been successfully copied to /Users/ozzy/MDS1/Tier2/Computer_systems/goit-cs-hw-05/output_folder/zip/ДЗ5_Ільїн_Андрій.zip.
2024-03-16 19:21:03,892 | INFO | File /Users/ozzy/MDS1/Tier1/Algoritms/goit-algo-hw-05/compare.py has been successfully copied to /Users/ozzy/MDS1/Tier2/Computer_systems/goit-cs-hw-05/output_folder/py/compare.py.
2024-03-16 19:21:03,926 | INFO | File /Users/ozzy/MDS1/Tier1/Algoritms/goit-algo-hw-02/palindrom.py has been successfully copied to /Users/ozzy/MDS1/Tier2/Computer_systems/goit-cs-hw-05/output_folder/py/palindrom.py.
2024-03-16 19:21:03,953 | INFO | File /Users/ozzy/MDS1/Tier1/Algoritms/goit-algo-hw-02/zip.py has been successfully copied to /Users/ozzy/MDS1/Tier2/Computer_systems/goit-cs-hw-05/output_folder/py/zip.py.
2024-03-16 19:21:03,973 | INFO | File /Users/ozzy/MDS1/Tier1/Algoritms/goit-algo-hw-02/ДЗ2_Ilin_Andrii.zip has been successfully copied to /Users/ozzy/MDS1/Tier2/Computer_systems/goit-cs-hw-05/output_folder/zip/ДЗ2_Ilin_Andrii.zip.
2024-03-16 19:21:03,994 | INFO | File /Users/ozzy/MDS1/Tier1/Algoritms/goit-algo-hw-02/main.py has been successfully copied to /Users/ozzy/MDS1/Tier2/Computer_systems/goit-cs-hw-05/output_folder/py/main.py.
2024-03-16 19:21:04,030 | INFO | File /Users/ozzy/MDS1/Tier1/Algoritms/review1/Andrii Ilin. Рев’ю ВИКОРИСТАННЯ АЛГОРИТМІВ.pdf has been successfully copied to /Users/ozzy/MDS1/Tier2/Computer_systems/goit-cs-hw-05/output_folder/pdf/Andrii Ilin. Рев’ю ВИКОРИСТАННЯ АЛГОРИТМІВ.pdf.
2024-03-16 19:21:04,031 | INFO | File sorting script completed successfully.
